<?xml version="1.0" encoding="UTF-8"?>
<!-- Generated by org.testng.reporters.JUnitReportReporter -->
<testsuite hostname="mhussen-PC" failures="0" tests="1" name="com.autotrader.carSearchTest" time="95.556" errors="0" timestamp="2021-01-02T20:13:30 EST" skipped="0">
  <testcase classname="com.autotrader.carSearchTest" name="SearchTest" time="95.556"/>
  <system-out/>
</testsuite> <!-- com.autotrader.carSearchTest -->
